<?xml version="1.0" encoding="UTF-8"?>
<!-- Generated by org.testng.reporters.JUnitReportReporter -->
<testsuite hostname="systems-HP-246-Notebook-PC" name="testcases.TC004" tests="1" failures="0" timestamp="8 Aug 2016 19:33:38 GMT" time="4.030" errors="0">
  <testcase name="checkTC004" time="4.030" classname="testcases.TC004"/>
</testsuite> <!-- testcases.TC004 -->
