<?xml version="1.0" encoding="UTF-8"?>
<!-- Generated by org.testng.reporters.JUnitReportReporter -->
<testsuite hostname="systems-HP-246-Notebook-PC" name="testcases.TC003_01" tests="1" failures="0" timestamp="8 Aug 2016 19:33:38 GMT" time="4.097" errors="0">
  <testcase name="checkTC003_01" time="4.097" classname="testcases.TC003_01"/>
</testsuite> <!-- testcases.TC003_01 -->
