<?xml version="1.0" encoding="UTF-8"?>
<!-- Generated by org.testng.reporters.JUnitReportReporter -->
<testsuite hostname="systems-HP-246-Notebook-PC" name="testcases.TC0010" tests="1" failures="0" timestamp="5 Aug 2016 00:12:52 GMT" time="5.815" errors="0">
  <testcase name="checkTC006" time="5.815" classname="testcases.TC0010"/>
</testsuite> <!-- testcases.TC0010 -->
