<?xml version="1.0" encoding="UTF-8"?>
<!-- Generated by org.testng.reporters.JUnitReportReporter -->
<testsuite hostname="systems-HP-246-Notebook-PC" name="testcases.TestClass" tests="1" failures="0" timestamp="7 Aug 2016 15:27:06 GMT" time="0.030" errors="0">
  <testcase name="checkTest" time="0.030" classname="testcases.TestClass"/>
</testsuite> <!-- testcases.TestClass -->
