<?xml version="1.0" encoding="UTF-8"?>
<!-- Generated by org.testng.reporters.JUnitReportReporter -->
<testsuite hostname="systems-HP-246-Notebook-PC" name="testcases.TC003_01" tests="1" failures="0" timestamp="4 Aug 2016 23:22:47 GMT" time="20.562" errors="0">
  <testcase name="checkTC003_01" time="20.562" classname="testcases.TC003_01"/>
</testsuite> <!-- testcases.TC003_01 -->
