<?xml version="1.0" encoding="UTF-8"?>
<!-- Generated by org.testng.reporters.JUnitReportReporter -->
<testsuite hostname="systems-HP-246-Notebook-PC" name="testcases.TC001" tests="1" failures="0" timestamp="8 Aug 2016 19:33:38 GMT" time="12.342" errors="0">
  <testcase name="checkTC001" time="12.342" classname="testcases.TC001"/>
</testsuite> <!-- testcases.TC001 -->
