<?xml version="1.0" encoding="UTF-8"?>
<!-- Generated by org.testng.reporters.JUnitReportReporter -->
<testsuite hostname="systems-HP-246-Notebook-PC" name="testcases.TC004" tests="1" failures="0" timestamp="4 Aug 2016 23:46:07 GMT" time="8.387" errors="0">
  <testcase name="checkTC004" time="8.387" classname="testcases.TC004"/>
</testsuite> <!-- testcases.TC004 -->
