<?xml version="1.0" encoding="UTF-8"?>
<!-- Generated by org.testng.reporters.JUnitReportReporter -->
<testsuite hostname="systems-HP-246-Notebook-PC" name="testcases.TC005" tests="1" failures="0" timestamp="4 Aug 2016 21:12:52 GMT" time="7.207" errors="0">
  <testcase name="checkTC005" time="7.207" classname="testcases.TC005"/>
</testsuite> <!-- testcases.TC005 -->
