<?xml version="1.0" encoding="UTF-8"?>
<!-- Generated by org.testng.reporters.JUnitReportReporter -->
<testsuite hostname="systems-HP-246-Notebook-PC" name="utils.DataInputProvider" tests="1" failures="0" timestamp="8 Aug 2016 19:10:30 GMT" time="0.016" errors="0">
  <testcase name="checkTest" time="0.016" classname="utils.DataInputProvider"/>
</testsuite> <!-- utils.DataInputProvider -->
