<?xml version="1.0" encoding="UTF-8"?>
<!-- Generated by org.testng.reporters.JUnitReportReporter -->
<testsuite hostname="systems-HP-246-Notebook-PC" name="testcases.TC002_01" tests="1" failures="0" timestamp="4 Aug 2016 23:05:49 GMT" time="19.097" errors="0">
  <testcase name="checkTC002_01" time="19.097" classname="testcases.TC002_01"/>
</testsuite> <!-- testcases.TC002_01 -->
