<?xml version="1.0" encoding="UTF-8"?>
<!-- Generated by org.testng.reporters.JUnitReportReporter -->
<testsuite hostname="systems-HP-246-Notebook-PC" name="testcases.TC009" tests="1" failures="0" timestamp="5 Aug 2016 00:17:54 GMT" time="5.240" errors="0">
  <testcase name="checkTC00" time="5.240" classname="testcases.TC009"/>
</testsuite> <!-- testcases.TC009 -->
