<?xml version="1.0" encoding="UTF-8"?>
<!-- Generated by org.testng.reporters.JUnitReportReporter -->
<testsuite hostname="systems-HP-246-Notebook-PC" name="testcases.TC002_02" tests="1" failures="0" timestamp="4 Aug 2016 23:05:49 GMT" time="15.193" errors="0">
  <testcase name="checkTC002_02" time="15.193" classname="testcases.TC002_02"/>
</testsuite> <!-- testcases.TC002_02 -->
