<?xml version="1.0" encoding="UTF-8"?>
<!-- Generated by org.testng.reporters.JUnitReportReporter -->
<testsuite hostname="systems-HP-246-Notebook-PC" name="testcases.TC002" tests="1" failures="0" timestamp="4 Aug 2016 19:06:09 GMT" time="8.379" errors="0">
  <testcase name="checkTC002" time="8.379" classname="testcases.TC002"/>
</testsuite> <!-- testcases.TC002 -->
