<?xml version="1.0" encoding="UTF-8"?>
<!-- Generated by org.testng.reporters.JUnitReportReporter -->
<testsuite hostname="systems-HP-246-Notebook-PC" name="testcases.TC011" tests="1" failures="0" timestamp="8 Aug 2016 18:36:26 GMT" time="16.856" errors="0">
  <testcase name="checkTC010" time="16.856" classname="testcases.TC011"/>
</testsuite> <!-- testcases.TC011 -->
