<?xml version="1.0" encoding="UTF-8"?>
<!-- Generated by org.testng.reporters.JUnitReportReporter -->
<testsuite hostname="systems-HP-246-Notebook-PC" name="testcases.TC001" tests="1" failures="0" timestamp="4 Aug 2016 21:03:43 GMT" time="10.854" errors="0">
  <testcase name="checkTC001" time="10.854" classname="testcases.TC001"/>
</testsuite> <!-- testcases.TC001 -->
