<?xml version="1.0" encoding="UTF-8"?>
<!-- Generated by org.testng.reporters.JUnitReportReporter -->
<testsuite hostname="systems-HP-246-Notebook-PC" name="testcases.TC010" tests="1" failures="0" timestamp="5 Aug 2016 00:18:07 GMT" time="5.197" errors="0">
  <testcase name="checkTC010" time="5.197" classname="testcases.TC010"/>
</testsuite> <!-- testcases.TC010 -->
