<?xml version="1.0" encoding="UTF-8"?>
<!-- Generated by org.testng.reporters.JUnitReportReporter -->
<testsuite hostname="systems-HP-246-Notebook-PC" name="testcases.TC009" tests="1" failures="0" timestamp="8 Aug 2016 19:33:38 GMT" time="5.673" errors="0">
  <testcase name="checkTC009" time="5.673" classname="testcases.TC009"/>
</testsuite> <!-- testcases.TC009 -->
