<?xml version="1.0" encoding="UTF-8"?>
<!-- Generated by org.testng.reporters.JUnitReportReporter -->
<testsuite hostname="systems-HP-246-Notebook-PC" name="testcases.PrintMsg" tests="1" failures="0" timestamp="7 Aug 2016 16:32:25 GMT" time="0.013" errors="0">
  <testcase name="checkTest" time="0.013" classname="testcases.PrintMsg"/>
</testsuite> <!-- testcases.PrintMsg -->
